...found 1 target...
...found 106 targets...
...updating 7 targets...
gcc.compile.c++ bin.v2/libs/context/build/gcc-5.4.0/debug/threading-multi/visibility-hidden/cxx11_hdr_mutex_check.o
libs/context/src/../build/cxx11_hdr_mutex.cpp:9:2: error: #error "C++11 <mutex> is not available."
 #error "C++11 <mutex> is not available."
  ^

    "g++"   -fvisibility-inlines-hidden -fPIC -m64 -pthread -O0 -fno-inline -Wall -g -fvisibility=hidden  -DBOOST_ALL_NO_LIB=1 -DBOOST_CONTEXT_DYN_LINK=1 -DBOOST_CONTEXT_SOURCE  -I"." -c -o "bin.v2/libs/context/build/gcc-5.4.0/debug/threading-multi/visibility-hidden/cxx11_hdr_mutex_check.o" "libs/context/src/../build/cxx11_hdr_mutex.cpp"

...failed gcc.compile.c++ bin.v2/libs/context/build/gcc-5.4.0/debug/threading-multi/visibility-hidden/cxx11_hdr_mutex_check.o...
...failed updating 1 target...
...updated 6 targets...
...found 7 targets...
...updating 6 targets...
gcc.compile.c++ bin.v2/libs/config/checks/gcc-5.4.0/debug/visibility-hidden/cxx11_auto_declarations.o
/home/daveh/git/drachtio-server/deps/boost_1_69_0/libs/config/checks/test_case.cpp:216:7: error: #error "Defect macro BOOST_NO_CXX11_AUTO_DECLARATIONS is defined."
 #     error "Defect macro BOOST_NO_CXX11_AUTO_DECLARATIONS is defined."
       ^

    "g++"   -fvisibility-inlines-hidden -fPIC -m64 -O0 -fno-inline -Wall -g -fvisibility=hidden  -DBOOST_ALL_NO_LIB=1 -DTEST_BOOST_NO_CXX11_AUTO_DECLARATIONS  -I"." -c -o "bin.v2/libs/config/checks/gcc-5.4.0/debug/visibility-hidden/cxx11_auto_declarations.o" "/home/daveh/git/drachtio-server/deps/boost_1_69_0/libs/config/checks/test_case.cpp"

...failed gcc.compile.c++ bin.v2/libs/config/checks/gcc-5.4.0/debug/visibility-hidden/cxx11_auto_declarations.o...
...failed updating 1 target...
...updated 5 targets...
...found 1 target...
...updating 1 target...
gcc.compile.c++ bin.v2/libs/config/checks/gcc-5.4.0/debug/visibility-hidden/cxx11_constexpr.o
/home/daveh/git/drachtio-server/deps/boost_1_69_0/libs/config/checks/test_case.cpp:251:7: error: #error "Defect macro BOOST_NO_CXX11_CONSTEXPR is defined."
 #     error "Defect macro BOOST_NO_CXX11_CONSTEXPR is defined."
       ^

    "g++"   -fvisibility-inlines-hidden -fPIC -m64 -O0 -fno-inline -Wall -g -fvisibility=hidden  -DBOOST_ALL_NO_LIB=1 -DTEST_BOOST_NO_CXX11_CONSTEXPR  -I"." -c -o "bin.v2/libs/config/checks/gcc-5.4.0/debug/visibility-hidden/cxx11_constexpr.o" "/home/daveh/git/drachtio-server/deps/boost_1_69_0/libs/config/checks/test_case.cpp"

...failed gcc.compile.c++ bin.v2/libs/config/checks/gcc-5.4.0/debug/visibility-hidden/cxx11_constexpr.o...
...failed updating 1 target...
...found 1 target...
...updating 1 target...
gcc.compile.c++ bin.v2/libs/config/checks/gcc-5.4.0/debug/visibility-hidden/cxx11_defaulted_functions.o
/home/daveh/git/drachtio-server/deps/boost_1_69_0/libs/config/checks/test_case.cpp:596:7: error: #error "Defect macro BOOST_NO_CXX11_DEFAULTED_FUNCTIONS is defined."
 #     error "Defect macro BOOST_NO_CXX11_DEFAULTED_FUNCTIONS is defined."
       ^

    "g++"   -fvisibility-inlines-hidden -fPIC -m64 -O0 -fno-inline -Wall -g -fvisibility=hidden  -DBOOST_ALL_NO_LIB=1 -DTEST_BOOST_NO_CXX11_DEFAULTED_FUNCTIONS  -I"." -c -o "bin.v2/libs/config/checks/gcc-5.4.0/debug/visibility-hidden/cxx11_defaulted_functions.o" "/home/daveh/git/drachtio-server/deps/boost_1_69_0/libs/config/checks/test_case.cpp"

...failed gcc.compile.c++ bin.v2/libs/config/checks/gcc-5.4.0/debug/visibility-hidden/cxx11_defaulted_functions.o...
...failed updating 1 target...
...found 1 target...
...updating 1 target...
gcc.compile.c++ bin.v2/libs/config/checks/gcc-5.4.0/debug/visibility-hidden/cxx11_final.o
/home/daveh/git/drachtio-server/deps/boost_1_69_0/libs/config/checks/test_case.cpp:306:7: error: #error "Defect macro BOOST_NO_CXX11_FINAL is defined."
 #     error "Defect macro BOOST_NO_CXX11_FINAL is defined."
       ^

    "g++"   -fvisibility-inlines-hidden -fPIC -m64 -O0 -fno-inline -Wall -g -fvisibility=hidden  -DBOOST_ALL_NO_LIB=1 -DTEST_BOOST_NO_CXX11_FINAL  -I"." -c -o "bin.v2/libs/config/checks/gcc-5.4.0/debug/visibility-hidden/cxx11_final.o" "/home/daveh/git/drachtio-server/deps/boost_1_69_0/libs/config/checks/test_case.cpp"

...failed gcc.compile.c++ bin.v2/libs/config/checks/gcc-5.4.0/debug/visibility-hidden/cxx11_final.o...
...failed updating 1 target...
...found 1 target...
...updating 1 target...
gcc.compile.c++ bin.v2/libs/config/checks/gcc-5.4.0/debug/visibility-hidden/cxx11_hdr_mutex.o
/home/daveh/git/drachtio-server/deps/boost_1_69_0/libs/config/checks/test_case.cpp:351:7: error: #error "Defect macro BOOST_NO_CXX11_HDR_MUTEX is defined."
 #     error "Defect macro BOOST_NO_CXX11_HDR_MUTEX is defined."
       ^

    "g++"   -fvisibility-inlines-hidden -fPIC -m64 -O0 -fno-inline -Wall -g -fvisibility=hidden  -DBOOST_ALL_NO_LIB=1 -DTEST_BOOST_NO_CXX11_HDR_MUTEX  -I"." -c -o "bin.v2/libs/config/checks/gcc-5.4.0/debug/visibility-hidden/cxx11_hdr_mutex.o" "/home/daveh/git/drachtio-server/deps/boost_1_69_0/libs/config/checks/test_case.cpp"

...failed gcc.compile.c++ bin.v2/libs/config/checks/gcc-5.4.0/debug/visibility-hidden/cxx11_hdr_mutex.o...
...failed updating 1 target...
...found 1 target...
...updating 1 target...
gcc.compile.c++ bin.v2/libs/config/checks/gcc-5.4.0/debug/visibility-hidden/cxx11_hdr_tuple.o
/home/daveh/git/drachtio-server/deps/boost_1_69_0/libs/config/checks/test_case.cpp:381:7: error: #error "Defect macro BOOST_NO_CXX11_HDR_TUPLE is defined."
 #     error "Defect macro BOOST_NO_CXX11_HDR_TUPLE is defined."
       ^

    "g++"   -fvisibility-inlines-hidden -fPIC -m64 -O0 -fno-inline -Wall -g -fvisibility=hidden  -DBOOST_ALL_NO_LIB=1 -DTEST_BOOST_NO_CXX11_HDR_TUPLE  -I"." -c -o "bin.v2/libs/config/checks/gcc-5.4.0/debug/visibility-hidden/cxx11_hdr_tuple.o" "/home/daveh/git/drachtio-server/deps/boost_1_69_0/libs/config/checks/test_case.cpp"

...failed gcc.compile.c++ bin.v2/libs/config/checks/gcc-5.4.0/debug/visibility-hidden/cxx11_hdr_tuple.o...
...failed updating 1 target...
...found 1 target...
...updating 1 target...
gcc.compile.c++ bin.v2/libs/config/checks/gcc-5.4.0/debug/visibility-hidden/cxx11_lambdas.o
/home/daveh/git/drachtio-server/deps/boost_1_69_0/libs/config/checks/test_case.cpp:701:7: error: #error "Defect macro BOOST_NO_CXX11_LAMBDAS is defined."
 #     error "Defect macro BOOST_NO_CXX11_LAMBDAS is defined."
       ^

    "g++"   -fvisibility-inlines-hidden -fPIC -m64 -O0 -fno-inline -Wall -g -fvisibility=hidden  -DBOOST_ALL_NO_LIB=1 -DTEST_BOOST_NO_CXX11_LAMBDAS  -I"." -c -o "bin.v2/libs/config/checks/gcc-5.4.0/debug/visibility-hidden/cxx11_lambdas.o" "/home/daveh/git/drachtio-server/deps/boost_1_69_0/libs/config/checks/test_case.cpp"

...failed gcc.compile.c++ bin.v2/libs/config/checks/gcc-5.4.0/debug/visibility-hidden/cxx11_lambdas.o...
...failed updating 1 target...
...found 1 target...
...updating 1 target...
gcc.compile.c++ bin.v2/libs/config/checks/gcc-5.4.0/debug/visibility-hidden/cxx11_noexcept.o
/home/daveh/git/drachtio-server/deps/boost_1_69_0/libs/config/checks/test_case.cpp:756:7: error: #error "Defect macro BOOST_NO_CXX11_NOEXCEPT is defined."
 #     error "Defect macro BOOST_NO_CXX11_NOEXCEPT is defined."
       ^

    "g++"   -fvisibility-inlines-hidden -fPIC -m64 -O0 -fno-inline -Wall -g -fvisibility=hidden  -DBOOST_ALL_NO_LIB=1 -DTEST_BOOST_NO_CXX11_NOEXCEPT  -I"." -c -o "bin.v2/libs/config/checks/gcc-5.4.0/debug/visibility-hidden/cxx11_noexcept.o" "/home/daveh/git/drachtio-server/deps/boost_1_69_0/libs/config/checks/test_case.cpp"

...failed gcc.compile.c++ bin.v2/libs/config/checks/gcc-5.4.0/debug/visibility-hidden/cxx11_noexcept.o...
...failed updating 1 target...
...found 1 target...
...updating 1 target...
gcc.compile.c++ bin.v2/libs/config/checks/gcc-5.4.0/debug/visibility-hidden/cxx11_nullptr.o
/home/daveh/git/drachtio-server/deps/boost_1_69_0/libs/config/checks/test_case.cpp:761:7: error: #error "Defect macro BOOST_NO_CXX11_NULLPTR is defined."
 #     error "Defect macro BOOST_NO_CXX11_NULLPTR is defined."
       ^

    "g++"   -fvisibility-inlines-hidden -fPIC -m64 -O0 -fno-inline -Wall -g -fvisibility=hidden  -DBOOST_ALL_NO_LIB=1 -DTEST_BOOST_NO_CXX11_NULLPTR  -I"." -c -o "bin.v2/libs/config/checks/gcc-5.4.0/debug/visibility-hidden/cxx11_nullptr.o" "/home/daveh/git/drachtio-server/deps/boost_1_69_0/libs/config/checks/test_case.cpp"

...failed gcc.compile.c++ bin.v2/libs/config/checks/gcc-5.4.0/debug/visibility-hidden/cxx11_nullptr.o...
...failed updating 1 target...
...found 1 target...
...updating 1 target...
gcc.compile.c++ bin.v2/libs/config/checks/gcc-5.4.0/debug/visibility-hidden/cxx11_rvalue_references.o
/home/daveh/git/drachtio-server/deps/boost_1_69_0/libs/config/checks/test_case.cpp:816:7: error: #error "Defect macro BOOST_NO_CXX11_RVALUE_REFERENCES is defined."
 #     error "Defect macro BOOST_NO_CXX11_RVALUE_REFERENCES is defined."
       ^

    "g++"   -fvisibility-inlines-hidden -fPIC -m64 -O0 -fno-inline -Wall -g -fvisibility=hidden  -DBOOST_ALL_NO_LIB=1 -DTEST_BOOST_NO_CXX11_RVALUE_REFERENCES  -I"." -c -o "bin.v2/libs/config/checks/gcc-5.4.0/debug/visibility-hidden/cxx11_rvalue_references.o" "/home/daveh/git/drachtio-server/deps/boost_1_69_0/libs/config/checks/test_case.cpp"

...failed gcc.compile.c++ bin.v2/libs/config/checks/gcc-5.4.0/debug/visibility-hidden/cxx11_rvalue_references.o...
...failed updating 1 target...
...found 1 target...
...updating 1 target...
gcc.compile.c++ bin.v2/libs/config/checks/gcc-5.4.0/debug/visibility-hidden/cxx11_template_aliases.o
/home/daveh/git/drachtio-server/deps/boost_1_69_0/libs/config/checks/test_case.cpp:921:7: error: #error "Defect macro BOOST_NO_CXX11_TEMPLATE_ALIASES is defined."
 #     error "Defect macro BOOST_NO_CXX11_TEMPLATE_ALIASES is defined."
       ^

    "g++"   -fvisibility-inlines-hidden -fPIC -m64 -O0 -fno-inline -Wall -g -fvisibility=hidden  -DBOOST_ALL_NO_LIB=1 -DTEST_BOOST_NO_CXX11_TEMPLATE_ALIASES  -I"." -c -o "bin.v2/libs/config/checks/gcc-5.4.0/debug/visibility-hidden/cxx11_template_aliases.o" "/home/daveh/git/drachtio-server/deps/boost_1_69_0/libs/config/checks/test_case.cpp"

...failed gcc.compile.c++ bin.v2/libs/config/checks/gcc-5.4.0/debug/visibility-hidden/cxx11_template_aliases.o...
...failed updating 1 target...
...found 1 target...
...updating 1 target...
gcc.compile.c++ bin.v2/libs/config/checks/gcc-5.4.0/debug/visibility-hidden/cxx11_thread_local.o
/home/daveh/git/drachtio-server/deps/boost_1_69_0/libs/config/checks/test_case.cpp:446:7: error: #error "Defect macro BOOST_NO_CXX11_THREAD_LOCAL is defined."
 #     error "Defect macro BOOST_NO_CXX11_THREAD_LOCAL is defined."
       ^

    "g++"   -fvisibility-inlines-hidden -fPIC -m64 -O0 -fno-inline -Wall -g -fvisibility=hidden  -DBOOST_ALL_NO_LIB=1 -DTEST_BOOST_NO_CXX11_THREAD_LOCAL  -I"." -c -o "bin.v2/libs/config/checks/gcc-5.4.0/debug/visibility-hidden/cxx11_thread_local.o" "/home/daveh/git/drachtio-server/deps/boost_1_69_0/libs/config/checks/test_case.cpp"

...failed gcc.compile.c++ bin.v2/libs/config/checks/gcc-5.4.0/debug/visibility-hidden/cxx11_thread_local.o...
...failed updating 1 target...
...found 1 target...
...updating 1 target...
gcc.compile.c++ bin.v2/libs/config/checks/gcc-5.4.0/debug/visibility-hidden/cxx11_variadic_templates.o
/home/daveh/git/drachtio-server/deps/boost_1_69_0/libs/config/checks/test_case.cpp:981:7: error: #error "Defect macro BOOST_NO_CXX11_VARIADIC_TEMPLATES is defined."
 #     error "Defect macro BOOST_NO_CXX11_VARIADIC_TEMPLATES is defined."
       ^

    "g++"   -fvisibility-inlines-hidden -fPIC -m64 -O0 -fno-inline -Wall -g -fvisibility=hidden  -DBOOST_ALL_NO_LIB=1 -DTEST_BOOST_NO_CXX11_VARIADIC_TEMPLATES  -I"." -c -o "bin.v2/libs/config/checks/gcc-5.4.0/debug/visibility-hidden/cxx11_variadic_templates.o" "/home/daveh/git/drachtio-server/deps/boost_1_69_0/libs/config/checks/test_case.cpp"

...failed gcc.compile.c++ bin.v2/libs/config/checks/gcc-5.4.0/debug/visibility-hidden/cxx11_variadic_templates.o...
...failed updating 1 target...
...found 10 targets...
...updating 8 targets...
gcc.compile.c++ bin.v2/standalone/ac/gcc-5.4.0/release/threading-multi/visibility-hidden/zlib_h.o
...updated 8 targets...
...found 5 targets...
...updating 3 targets...
gcc.compile.c++ bin.v2/standalone/ac/gcc-5.4.0/release/threading-multi/visibility-hidden/main-z.o
gcc.link bin.v2/standalone/ac/gcc-5.4.0/release/threading-multi/visibility-hidden/z
...updated 3 targets...
...found 4 targets...
...updating 2 targets...
gcc.compile.c++ bin.v2/standalone/ac/gcc-5.4.0/release/threading-multi/visibility-hidden/bzlib_h.o
bin.v2/standalone/ac/bzlib_h.cpp:1:19: fatal error: bzlib.h: No such file or directory
compilation terminated.

    "g++"   -fvisibility-inlines-hidden -fPIC -m64 -pthread -O3 -finline-functions -Wno-inline -Wall -fvisibility=hidden  -DNDEBUG   -c -o "bin.v2/standalone/ac/gcc-5.4.0/release/threading-multi/visibility-hidden/bzlib_h.o" "bin.v2/standalone/ac/bzlib_h.cpp"

...failed gcc.compile.c++ bin.v2/standalone/ac/gcc-5.4.0/release/threading-multi/visibility-hidden/bzlib_h.o...
...failed updating 1 target...
...updated 1 target...
...found 5 targets...
...updating 3 targets...
gcc.compile.c++ bin.v2/standalone/ac/gcc-5.4.0/release/threading-multi/visibility-hidden/main-bz2.o
gcc.link bin.v2/standalone/ac/gcc-5.4.0/release/threading-multi/visibility-hidden/bz2
/usr/bin/ld: cannot find -lbz2
collect2: error: ld returned 1 exit status

    "g++"    -o "bin.v2/standalone/ac/gcc-5.4.0/release/threading-multi/visibility-hidden/bz2" -Wl,--start-group "bin.v2/standalone/ac/gcc-5.4.0/release/threading-multi/visibility-hidden/main-bz2.o"  -Wl,-Bstatic  -Wl,-Bdynamic -lrt -lbz2 -Wl,--end-group -fPIC -m64 -pthread -fvisibility=hidden -fvisibility-inlines-hidden 

...failed gcc.link bin.v2/standalone/ac/gcc-5.4.0/release/threading-multi/visibility-hidden/bz2...
...failed updating 1 target...
...updated 2 targets...
...found 5 targets...
...updating 5 targets...
gcc.compile.c++ bin.v2/standalone/ac/gcc-5.4.0/release/link-static/threading-multi/visibility-hidden/main-bz2.o
gcc.link bin.v2/standalone/ac/gcc-5.4.0/release/link-static/threading-multi/visibility-hidden/bz2
/usr/bin/ld: cannot find -lbz2
collect2: error: ld returned 1 exit status

    "g++"    -o "bin.v2/standalone/ac/gcc-5.4.0/release/link-static/threading-multi/visibility-hidden/bz2" -Wl,--start-group "bin.v2/standalone/ac/gcc-5.4.0/release/link-static/threading-multi/visibility-hidden/main-bz2.o"  -Wl,-Bstatic -lbz2 -Wl,-Bdynamic -lrt -Wl,--end-group -m64 -pthread -fvisibility=hidden -fvisibility-inlines-hidden 

...failed gcc.link bin.v2/standalone/ac/gcc-5.4.0/release/link-static/threading-multi/visibility-hidden/bz2...
...failed updating 1 target...
...updated 4 targets...
...found 4 targets...
...updating 2 targets...
gcc.compile.c++ bin.v2/standalone/ac/gcc-5.4.0/release/threading-multi/visibility-hidden/lzma_h.o
bin.v2/standalone/ac/lzma_h.cpp:1:18: fatal error: lzma.h: No such file or directory
compilation terminated.

    "g++"   -fvisibility-inlines-hidden -fPIC -m64 -pthread -O3 -finline-functions -Wno-inline -Wall -fvisibility=hidden  -DNDEBUG   -c -o "bin.v2/standalone/ac/gcc-5.4.0/release/threading-multi/visibility-hidden/lzma_h.o" "bin.v2/standalone/ac/lzma_h.cpp"

...failed gcc.compile.c++ bin.v2/standalone/ac/gcc-5.4.0/release/threading-multi/visibility-hidden/lzma_h.o...
...failed updating 1 target...
...updated 1 target...
...found 5 targets...
...updating 3 targets...
gcc.compile.c++ bin.v2/standalone/ac/gcc-5.4.0/release/threading-multi/visibility-hidden/main-lzma.o
gcc.link bin.v2/standalone/ac/gcc-5.4.0/release/threading-multi/visibility-hidden/lzma
/usr/bin/ld: cannot find -llzma
collect2: error: ld returned 1 exit status

    "g++"    -o "bin.v2/standalone/ac/gcc-5.4.0/release/threading-multi/visibility-hidden/lzma" -Wl,--start-group "bin.v2/standalone/ac/gcc-5.4.0/release/threading-multi/visibility-hidden/main-lzma.o"  -Wl,-Bstatic  -Wl,-Bdynamic -lrt -llzma -Wl,--end-group -fPIC -m64 -pthread -fvisibility=hidden -fvisibility-inlines-hidden 

...failed gcc.link bin.v2/standalone/ac/gcc-5.4.0/release/threading-multi/visibility-hidden/lzma...
...failed updating 1 target...
...updated 2 targets...
...found 5 targets...
...updating 3 targets...
gcc.compile.c++ bin.v2/standalone/ac/gcc-5.4.0/release/threading-multi/visibility-hidden/main-liblzma.o
gcc.link bin.v2/standalone/ac/gcc-5.4.0/release/threading-multi/visibility-hidden/liblzma
/usr/bin/ld: cannot find -lliblzma
collect2: error: ld returned 1 exit status

    "g++"    -o "bin.v2/standalone/ac/gcc-5.4.0/release/threading-multi/visibility-hidden/liblzma" -Wl,--start-group "bin.v2/standalone/ac/gcc-5.4.0/release/threading-multi/visibility-hidden/main-liblzma.o"  -Wl,-Bstatic  -Wl,-Bdynamic -lrt -lliblzma -Wl,--end-group -fPIC -m64 -pthread -fvisibility=hidden -fvisibility-inlines-hidden 

...failed gcc.link bin.v2/standalone/ac/gcc-5.4.0/release/threading-multi/visibility-hidden/liblzma...
...failed updating 1 target...
...updated 2 targets...
...found 2 targets...
...updating 2 targets...
gcc.compile.c++ bin.v2/standalone/ac/gcc-5.4.0/release/link-static/threading-multi/visibility-hidden/main-lzma.o
gcc.link bin.v2/standalone/ac/gcc-5.4.0/release/link-static/threading-multi/visibility-hidden/lzma
/usr/bin/ld: cannot find -llzma
collect2: error: ld returned 1 exit status

    "g++"    -o "bin.v2/standalone/ac/gcc-5.4.0/release/link-static/threading-multi/visibility-hidden/lzma" -Wl,--start-group "bin.v2/standalone/ac/gcc-5.4.0/release/link-static/threading-multi/visibility-hidden/main-lzma.o"  -Wl,-Bstatic -llzma -Wl,-Bdynamic -lrt -Wl,--end-group -m64 -pthread -fvisibility=hidden -fvisibility-inlines-hidden 

...failed gcc.link bin.v2/standalone/ac/gcc-5.4.0/release/link-static/threading-multi/visibility-hidden/lzma...
...failed updating 1 target...
...updated 1 target...
...found 2 targets...
...updating 2 targets...
gcc.compile.c++ bin.v2/standalone/ac/gcc-5.4.0/release/link-static/threading-multi/visibility-hidden/main-liblzma.o
gcc.link bin.v2/standalone/ac/gcc-5.4.0/release/link-static/threading-multi/visibility-hidden/liblzma
/usr/bin/ld: cannot find -lliblzma
collect2: error: ld returned 1 exit status

    "g++"    -o "bin.v2/standalone/ac/gcc-5.4.0/release/link-static/threading-multi/visibility-hidden/liblzma" -Wl,--start-group "bin.v2/standalone/ac/gcc-5.4.0/release/link-static/threading-multi/visibility-hidden/main-liblzma.o"  -Wl,-Bstatic -lliblzma -Wl,-Bdynamic -lrt -Wl,--end-group -m64 -pthread -fvisibility=hidden -fvisibility-inlines-hidden 

...failed gcc.link bin.v2/standalone/ac/gcc-5.4.0/release/link-static/threading-multi/visibility-hidden/liblzma...
...failed updating 1 target...
...updated 1 target...
...found 4 targets...
...updating 2 targets...
gcc.compile.c++ bin.v2/standalone/ac/gcc-5.4.0/release/threading-multi/visibility-hidden/zstd_h.o
bin.v2/standalone/ac/zstd_h.cpp:1:18: fatal error: zstd.h: No such file or directory
compilation terminated.

    "g++"   -fvisibility-inlines-hidden -fPIC -m64 -pthread -O3 -finline-functions -Wno-inline -Wall -fvisibility=hidden  -DNDEBUG   -c -o "bin.v2/standalone/ac/gcc-5.4.0/release/threading-multi/visibility-hidden/zstd_h.o" "bin.v2/standalone/ac/zstd_h.cpp"

...failed gcc.compile.c++ bin.v2/standalone/ac/gcc-5.4.0/release/threading-multi/visibility-hidden/zstd_h.o...
...failed updating 1 target...
...updated 1 target...
...found 5 targets...
...updating 3 targets...
gcc.compile.c++ bin.v2/standalone/ac/gcc-5.4.0/release/threading-multi/visibility-hidden/main-zstd.o
gcc.link bin.v2/standalone/ac/gcc-5.4.0/release/threading-multi/visibility-hidden/zstd
/usr/bin/ld: cannot find -lzstd
collect2: error: ld returned 1 exit status

    "g++"    -o "bin.v2/standalone/ac/gcc-5.4.0/release/threading-multi/visibility-hidden/zstd" -Wl,--start-group "bin.v2/standalone/ac/gcc-5.4.0/release/threading-multi/visibility-hidden/main-zstd.o"  -Wl,-Bstatic  -Wl,-Bdynamic -lrt -lzstd -Wl,--end-group -fPIC -m64 -pthread -fvisibility=hidden -fvisibility-inlines-hidden 

...failed gcc.link bin.v2/standalone/ac/gcc-5.4.0/release/threading-multi/visibility-hidden/zstd...
...failed updating 1 target...
...updated 2 targets...
...found 5 targets...
...updating 3 targets...
gcc.compile.c++ bin.v2/standalone/ac/gcc-5.4.0/release/threading-multi/visibility-hidden/main-zstd_static.o
gcc.link bin.v2/standalone/ac/gcc-5.4.0/release/threading-multi/visibility-hidden/zstd_static
/usr/bin/ld: cannot find -lzstd_static
collect2: error: ld returned 1 exit status

    "g++"    -o "bin.v2/standalone/ac/gcc-5.4.0/release/threading-multi/visibility-hidden/zstd_static" -Wl,--start-group "bin.v2/standalone/ac/gcc-5.4.0/release/threading-multi/visibility-hidden/main-zstd_static.o"  -Wl,-Bstatic  -Wl,-Bdynamic -lrt -lzstd_static -Wl,--end-group -fPIC -m64 -pthread -fvisibility=hidden -fvisibility-inlines-hidden 

...failed gcc.link bin.v2/standalone/ac/gcc-5.4.0/release/threading-multi/visibility-hidden/zstd_static...
...failed updating 1 target...
...updated 2 targets...
...found 5 targets...
...updating 3 targets...
gcc.compile.c++ bin.v2/standalone/ac/gcc-5.4.0/release/threading-multi/visibility-hidden/main-libzstd.o
gcc.link bin.v2/standalone/ac/gcc-5.4.0/release/threading-multi/visibility-hidden/libzstd
/usr/bin/ld: cannot find -llibzstd
collect2: error: ld returned 1 exit status

    "g++"    -o "bin.v2/standalone/ac/gcc-5.4.0/release/threading-multi/visibility-hidden/libzstd" -Wl,--start-group "bin.v2/standalone/ac/gcc-5.4.0/release/threading-multi/visibility-hidden/main-libzstd.o"  -Wl,-Bstatic  -Wl,-Bdynamic -lrt -llibzstd -Wl,--end-group -fPIC -m64 -pthread -fvisibility=hidden -fvisibility-inlines-hidden 

...failed gcc.link bin.v2/standalone/ac/gcc-5.4.0/release/threading-multi/visibility-hidden/libzstd...
...failed updating 1 target...
...updated 2 targets...
...found 5 targets...
...updating 3 targets...
gcc.compile.c++ bin.v2/standalone/ac/gcc-5.4.0/release/threading-multi/visibility-hidden/main-libzstd_static.o
gcc.link bin.v2/standalone/ac/gcc-5.4.0/release/threading-multi/visibility-hidden/libzstd_static
/usr/bin/ld: cannot find -llibzstd_static
collect2: error: ld returned 1 exit status

    "g++"    -o "bin.v2/standalone/ac/gcc-5.4.0/release/threading-multi/visibility-hidden/libzstd_static" -Wl,--start-group "bin.v2/standalone/ac/gcc-5.4.0/release/threading-multi/visibility-hidden/main-libzstd_static.o"  -Wl,-Bstatic  -Wl,-Bdynamic -lrt -llibzstd_static -Wl,--end-group -fPIC -m64 -pthread -fvisibility=hidden -fvisibility-inlines-hidden 

...failed gcc.link bin.v2/standalone/ac/gcc-5.4.0/release/threading-multi/visibility-hidden/libzstd_static...
...failed updating 1 target...
...updated 2 targets...
...found 2 targets...
...updating 2 targets...
gcc.compile.c++ bin.v2/standalone/ac/gcc-5.4.0/release/link-static/threading-multi/visibility-hidden/main-zstd.o
gcc.link bin.v2/standalone/ac/gcc-5.4.0/release/link-static/threading-multi/visibility-hidden/zstd
/usr/bin/ld: cannot find -lzstd
collect2: error: ld returned 1 exit status

    "g++"    -o "bin.v2/standalone/ac/gcc-5.4.0/release/link-static/threading-multi/visibility-hidden/zstd" -Wl,--start-group "bin.v2/standalone/ac/gcc-5.4.0/release/link-static/threading-multi/visibility-hidden/main-zstd.o"  -Wl,-Bstatic -lzstd -Wl,-Bdynamic -lrt -Wl,--end-group -m64 -pthread -fvisibility=hidden -fvisibility-inlines-hidden 

...failed gcc.link bin.v2/standalone/ac/gcc-5.4.0/release/link-static/threading-multi/visibility-hidden/zstd...
...failed updating 1 target...
...updated 1 target...
...found 2 targets...
...updating 2 targets...
gcc.compile.c++ bin.v2/standalone/ac/gcc-5.4.0/release/link-static/threading-multi/visibility-hidden/main-zstd_static.o
gcc.link bin.v2/standalone/ac/gcc-5.4.0/release/link-static/threading-multi/visibility-hidden/zstd_static
/usr/bin/ld: cannot find -lzstd_static
collect2: error: ld returned 1 exit status

    "g++"    -o "bin.v2/standalone/ac/gcc-5.4.0/release/link-static/threading-multi/visibility-hidden/zstd_static" -Wl,--start-group "bin.v2/standalone/ac/gcc-5.4.0/release/link-static/threading-multi/visibility-hidden/main-zstd_static.o"  -Wl,-Bstatic -lzstd_static -Wl,-Bdynamic -lrt -Wl,--end-group -m64 -pthread -fvisibility=hidden -fvisibility-inlines-hidden 

...failed gcc.link bin.v2/standalone/ac/gcc-5.4.0/release/link-static/threading-multi/visibility-hidden/zstd_static...
...failed updating 1 target...
...updated 1 target...
...found 2 targets...
...updating 2 targets...
gcc.compile.c++ bin.v2/standalone/ac/gcc-5.4.0/release/link-static/threading-multi/visibility-hidden/main-libzstd.o
gcc.link bin.v2/standalone/ac/gcc-5.4.0/release/link-static/threading-multi/visibility-hidden/libzstd
/usr/bin/ld: cannot find -llibzstd
collect2: error: ld returned 1 exit status

    "g++"    -o "bin.v2/standalone/ac/gcc-5.4.0/release/link-static/threading-multi/visibility-hidden/libzstd" -Wl,--start-group "bin.v2/standalone/ac/gcc-5.4.0/release/link-static/threading-multi/visibility-hidden/main-libzstd.o"  -Wl,-Bstatic -llibzstd -Wl,-Bdynamic -lrt -Wl,--end-group -m64 -pthread -fvisibility=hidden -fvisibility-inlines-hidden 

...failed gcc.link bin.v2/standalone/ac/gcc-5.4.0/release/link-static/threading-multi/visibility-hidden/libzstd...
...failed updating 1 target...
...updated 1 target...
...found 2 targets...
...updating 2 targets...
gcc.compile.c++ bin.v2/standalone/ac/gcc-5.4.0/release/link-static/threading-multi/visibility-hidden/main-libzstd_static.o
gcc.link bin.v2/standalone/ac/gcc-5.4.0/release/link-static/threading-multi/visibility-hidden/libzstd_static
/usr/bin/ld: cannot find -llibzstd_static
collect2: error: ld returned 1 exit status

    "g++"    -o "bin.v2/standalone/ac/gcc-5.4.0/release/link-static/threading-multi/visibility-hidden/libzstd_static" -Wl,--start-group "bin.v2/standalone/ac/gcc-5.4.0/release/link-static/threading-multi/visibility-hidden/main-libzstd_static.o"  -Wl,-Bstatic -llibzstd_static -Wl,-Bdynamic -lrt -Wl,--end-group -m64 -pthread -fvisibility=hidden -fvisibility-inlines-hidden 

...failed gcc.link bin.v2/standalone/ac/gcc-5.4.0/release/link-static/threading-multi/visibility-hidden/libzstd_static...
...failed updating 1 target...
...updated 1 target...
...found 9 targets...
...updating 7 targets...
gcc.compile.c++ bin.v2/libs/locale/build/gcc-5.4.0/debug/visibility-hidden/has_iconv_libc_obj.o
gcc.link bin.v2/libs/locale/build/gcc-5.4.0/debug/visibility-hidden/has_iconv
...updated 7 targets...
...found 8 targets...
...updating 2 targets...
gcc.compile.c++ bin.v2/libs/locale/build/gcc-5.4.0/debug/visibility-hidden/has_icu_obj.o
libs/locale/src/../build/has_icu_test.cpp:12:30: fatal error: unicode/uversion.h: No such file or directory
compilation terminated.

    "g++"   -fvisibility-inlines-hidden -fPIC -m64 -O0 -fno-inline -Wall -g -fvisibility=hidden  -DBOOST_ALL_NO_LIB=1  -I"." -c -o "bin.v2/libs/locale/build/gcc-5.4.0/debug/visibility-hidden/has_icu_obj.o" "libs/locale/src/../build/has_icu_test.cpp"

...failed gcc.compile.c++ bin.v2/libs/locale/build/gcc-5.4.0/debug/visibility-hidden/has_icu_obj.o...
...skipped <pbin.v2/libs/locale/build/gcc-5.4.0/debug/visibility-hidden>has_icu for lack of <pbin.v2/libs/locale/build/gcc-5.4.0/debug/visibility-hidden>has_icu_obj.o...
...failed updating 1 target...
...skipped 1 target...
...found 2 targets...
...updating 2 targets...
gcc.compile.c++ bin.v2/libs/locale/build/gcc-5.4.0/debug/visibility-hidden/has_icu64_obj.o
libs/locale/src/../build/has_icu_test.cpp:12:30: fatal error: unicode/uversion.h: No such file or directory
compilation terminated.

    "g++"   -fvisibility-inlines-hidden -fPIC -m64 -O0 -fno-inline -Wall -g -fvisibility=hidden  -DBOOST_ALL_NO_LIB=1  -I"." -c -o "bin.v2/libs/locale/build/gcc-5.4.0/debug/visibility-hidden/has_icu64_obj.o" "libs/locale/src/../build/has_icu_test.cpp"

...failed gcc.compile.c++ bin.v2/libs/locale/build/gcc-5.4.0/debug/visibility-hidden/has_icu64_obj.o...
...skipped <pbin.v2/libs/locale/build/gcc-5.4.0/debug/visibility-hidden>has_icu64 for lack of <pbin.v2/libs/locale/build/gcc-5.4.0/debug/visibility-hidden>has_icu64_obj.o...
...failed updating 1 target...
...skipped 1 target...
...found 7 targets...
...updating 6 targets...
gcc.compile.c++ bin.v2/libs/math/config/gcc-5.4.0/debug/visibility-hidden/has_gcc_visibility.o
...updated 6 targets...
...patience...
...found 177 targets...
...updating 1 target...
gcc.compile.c++ bin.v2/libs/math/config/gcc-5.4.0/debug/visibility-hidden/has_long_double_support.o
...updated 1 target...
...found 11 targets...
...updating 8 targets...
gcc.compile.c++ bin.v2/libs/stacktrace/build/gcc-5.4.0/debug/visibility-hidden/has_backtrace.o
gcc.link bin.v2/libs/stacktrace/build/gcc-5.4.0/debug/visibility-hidden/libbacktrace_exe
Jamfile</home/daveh/git/drachtio-server/deps/boost_1_69_0/libs/stacktrace/build>.mp_simple_run_action bin.v2/libs/stacktrace/build/gcc-5.4.0/debug/visibility-hidden/libbacktrace.output
...updated 8 targets...
...found 5 targets...
...updating 3 targets...
gcc.compile.c++ bin.v2/libs/stacktrace/build/gcc-5.4.0/debug/visibility-hidden/has_addr2line.o
gcc.link bin.v2/libs/stacktrace/build/gcc-5.4.0/debug/visibility-hidden/addr2line_exe
Jamfile</home/daveh/git/drachtio-server/deps/boost_1_69_0/libs/stacktrace/build>.mp_simple_run_action bin.v2/libs/stacktrace/build/gcc-5.4.0/debug/visibility-hidden/addr2line.output
...updated 3 targets...
...found 6 targets...
...updating 3 targets...
gcc.compile.c++ bin.v2/libs/stacktrace/build/gcc-5.4.0/debug/visibility-hidden/has_windbg.o
libs/stacktrace/build/has_windbg.cpp:8:21: fatal error: windows.h: No such file or directory
compilation terminated.

    "g++"   -fvisibility-inlines-hidden -fPIC -m64 -O0 -fno-inline -Wall -g -fvisibility=hidden  -DBOOST_ALL_NO_LIB=1  -I"." -c -o "bin.v2/libs/stacktrace/build/gcc-5.4.0/debug/visibility-hidden/has_windbg.o" "libs/stacktrace/build/has_windbg.cpp"

...failed gcc.compile.c++ bin.v2/libs/stacktrace/build/gcc-5.4.0/debug/visibility-hidden/has_windbg.o...
...skipped <pbin.v2/libs/stacktrace/build/gcc-5.4.0/debug/visibility-hidden>WinDbg_exe for lack of <pbin.v2/libs/stacktrace/build/gcc-5.4.0/debug/visibility-hidden>has_windbg.o...
...skipped <pbin.v2/libs/stacktrace/build/gcc-5.4.0/debug/visibility-hidden>WinDbg.output for lack of <pbin.v2/libs/stacktrace/build/gcc-5.4.0/debug/visibility-hidden>WinDbg_exe...
...failed updating 1 target...
...skipped 2 targets...
...found 4 targets...
...updating 3 targets...
gcc.compile.c++ bin.v2/libs/stacktrace/build/gcc-5.4.0/debug/visibility-hidden/has_windbg_cached.o
libs/stacktrace/build/has_windbg_cached.cpp:11:21: fatal error: windows.h: No such file or directory
compilation terminated.

    "g++"   -fvisibility-inlines-hidden -fPIC -m64 -O0 -fno-inline -Wall -g -fvisibility=hidden  -DBOOST_ALL_NO_LIB=1  -I"." -c -o "bin.v2/libs/stacktrace/build/gcc-5.4.0/debug/visibility-hidden/has_windbg_cached.o" "libs/stacktrace/build/has_windbg_cached.cpp"

...failed gcc.compile.c++ bin.v2/libs/stacktrace/build/gcc-5.4.0/debug/visibility-hidden/has_windbg_cached.o...
...skipped <pbin.v2/libs/stacktrace/build/gcc-5.4.0/debug/visibility-hidden>WinDbgCached_exe for lack of <pbin.v2/libs/stacktrace/build/gcc-5.4.0/debug/visibility-hidden>has_windbg_cached.o...
...skipped <pbin.v2/libs/stacktrace/build/gcc-5.4.0/debug/visibility-hidden>WinDbgCached.output for lack of <pbin.v2/libs/stacktrace/build/gcc-5.4.0/debug/visibility-hidden>WinDbgCached_exe...
...failed updating 1 target...
...skipped 2 targets...
...found 163 targets...
...updating 7 targets...
gcc.compile.c++ bin.v2/check/predef/gcc-5.4.0/debug/address-model-64/architecture-x86/predef_check_cc_09a06289f4560e2f553bb0cbbec71436.o
...updated 7 targets...
...found 1 target...
...updating 1 target...
gcc.compile.c++ bin.v2/standalone/ac/gcc-5.4.0/release/link-static/threading-multi/visibility-hidden/zlib_h.o
...updated 1 target...
...found 2 targets...
...updating 2 targets...
gcc.compile.c++ bin.v2/standalone/ac/gcc-5.4.0/release/link-static/threading-multi/visibility-hidden/main-z.o
gcc.link bin.v2/standalone/ac/gcc-5.4.0/release/link-static/threading-multi/visibility-hidden/z
...updated 2 targets...
...found 1 target...
...updating 1 target...
gcc.compile.c++ bin.v2/standalone/ac/gcc-5.4.0/release/link-static/threading-multi/visibility-hidden/bzlib_h.o
bin.v2/standalone/ac/bzlib_h.cpp:1:19: fatal error: bzlib.h: No such file or directory
compilation terminated.

    "g++"   -fvisibility-inlines-hidden -m64 -pthread -O3 -finline-functions -Wno-inline -Wall -fvisibility=hidden  -DNDEBUG   -c -o "bin.v2/standalone/ac/gcc-5.4.0/release/link-static/threading-multi/visibility-hidden/bzlib_h.o" "bin.v2/standalone/ac/bzlib_h.cpp"

...failed gcc.compile.c++ bin.v2/standalone/ac/gcc-5.4.0/release/link-static/threading-multi/visibility-hidden/bzlib_h.o...
...failed updating 1 target...
...found 1 target...
...updating 1 target...
gcc.compile.c++ bin.v2/standalone/ac/gcc-5.4.0/release/link-static/threading-multi/visibility-hidden/lzma_h.o
bin.v2/standalone/ac/lzma_h.cpp:1:18: fatal error: lzma.h: No such file or directory
compilation terminated.

    "g++"   -fvisibility-inlines-hidden -m64 -pthread -O3 -finline-functions -Wno-inline -Wall -fvisibility=hidden  -DNDEBUG   -c -o "bin.v2/standalone/ac/gcc-5.4.0/release/link-static/threading-multi/visibility-hidden/lzma_h.o" "bin.v2/standalone/ac/lzma_h.cpp"

...failed gcc.compile.c++ bin.v2/standalone/ac/gcc-5.4.0/release/link-static/threading-multi/visibility-hidden/lzma_h.o...
...failed updating 1 target...
...found 1 target...
...updating 1 target...
gcc.compile.c++ bin.v2/standalone/ac/gcc-5.4.0/release/link-static/threading-multi/visibility-hidden/zstd_h.o
bin.v2/standalone/ac/zstd_h.cpp:1:18: fatal error: zstd.h: No such file or directory
compilation terminated.

    "g++"   -fvisibility-inlines-hidden -m64 -pthread -O3 -finline-functions -Wno-inline -Wall -fvisibility=hidden  -DNDEBUG   -c -o "bin.v2/standalone/ac/gcc-5.4.0/release/link-static/threading-multi/visibility-hidden/zstd_h.o" "bin.v2/standalone/ac/zstd_h.cpp"

...failed gcc.compile.c++ bin.v2/standalone/ac/gcc-5.4.0/release/link-static/threading-multi/visibility-hidden/zstd_h.o...
...failed updating 1 target...
...found 1 target...
...updating 1 target...
config-cache.write bin.v2/project-cache.jam
...updated 1 target...
