...found 9 targets...
...updating 1 target...
darwin.compile.c++ bin.v2/libs/context/config/darwin-4.2.1/debug/32.o
/Users/dhorton/beachdog-enterprises/beachdog-networks/git/drachtio/deps/boost_1_52_0/libs/context/config/32.cpp:9:10: error: 'test' declared as an array with a negative size
int test[sizeof(void*) == 4? 1 : -1];
         ^~~~~~~~~~~~~~~~~~~~~~~~~~
1 error generated.

    "g++"  -ftemplate-depth-128 -O0 -fno-inline -Wall -g -dynamic -gdwarf-2 -fexceptions -fPIC  -DBOOST_ALL_NO_LIB=1  -I"." -c -o "bin.v2/libs/context/config/darwin-4.2.1/debug/32.o" "/Users/dhorton/beachdog-enterprises/beachdog-networks/git/drachtio/deps/boost_1_52_0/libs/context/config/32.cpp"

...failed darwin.compile.c++ bin.v2/libs/context/config/darwin-4.2.1/debug/32.o...
...failed updating 1 target...
...found 3 targets...
...found 3 targets...
...found 12 targets...
...updating 2 targets...
darwin.compile.c++ bin.v2/libs/regex/build/darwin-4.2.1/debug/has_icu_test.o
libs/regex/build/has_icu_test.cpp:12:10: fatal error: 'unicode/uversion.h' file not found
#include <unicode/uversion.h>
         ^
1 error generated.

    "g++"  -ftemplate-depth-128 -O0 -fno-inline -Wall -pedantic -g -dynamic -gdwarf-2 -fexceptions -fPIC  -DBOOST_ALL_NO_LIB=1 -DBOOST_HAS_ICU=1  -I"." -c -o "bin.v2/libs/regex/build/darwin-4.2.1/debug/has_icu_test.o" "libs/regex/build/has_icu_test.cpp"

...failed darwin.compile.c++ bin.v2/libs/regex/build/darwin-4.2.1/debug/has_icu_test.o...
...skipped <pbin.v2/libs/regex/build/darwin-4.2.1/debug>has_icu for lack of <pbin.v2/libs/regex/build/darwin-4.2.1/debug>has_icu_test.o...
...failed updating 1 target...
...skipped 1 target...
...found 9 targets...
...updating 1 target...
darwin.link bin.v2/libs/locale/build/darwin-4.2.1/debug/has_iconv
Undefined symbols for architecture x86_64:
  "_iconv_open", referenced from:
      _main in has_iconv_libc_obj.o
ld: symbol(s) not found for architecture x86_64
clang: error: linker command failed with exit code 1 (use -v to see invocation)

    "g++"  -o "bin.v2/libs/locale/build/darwin-4.2.1/debug/has_iconv" "bin.v2/libs/locale/build/darwin-4.2.1/debug/has_iconv_libc_obj.o"       -g 
       

...failed darwin.link bin.v2/libs/locale/build/darwin-4.2.1/debug/has_iconv...
...failed updating 1 target...
...found 2 targets...
...found 5 targets...
...updating 2 targets...
darwin.compile.c++ bin.v2/libs/locale/build/darwin-4.2.1/debug/has_icu_obj.o
libs/locale/src/../build/has_icu_test.cpp:12:10: fatal error: 'unicode/uversion.h' file not found
#include <unicode/uversion.h>
         ^
1 error generated.

    "g++"  -ftemplate-depth-128 -O0 -fno-inline -Wall -g -dynamic -gdwarf-2 -fexceptions -fPIC  -DBOOST_ALL_NO_LIB=1  -I"." -c -o "bin.v2/libs/locale/build/darwin-4.2.1/debug/has_icu_obj.o" "libs/locale/src/../build/has_icu_test.cpp"

...failed darwin.compile.c++ bin.v2/libs/locale/build/darwin-4.2.1/debug/has_icu_obj.o...
...skipped <pbin.v2/libs/locale/build/darwin-4.2.1/debug>has_icu for lack of <pbin.v2/libs/locale/build/darwin-4.2.1/debug>has_icu_obj.o...
...failed updating 1 target...
...skipped 1 target...
...found 2 targets...
...updating 2 targets...
darwin.compile.c++ bin.v2/libs/locale/build/darwin-4.2.1/debug/has_icu64_obj.o
libs/locale/src/../build/has_icu_test.cpp:12:10: fatal error: 'unicode/uversion.h' file not found
#include <unicode/uversion.h>
         ^
1 error generated.

    "g++"  -ftemplate-depth-128 -O0 -fno-inline -Wall -g -dynamic -gdwarf-2 -fexceptions -fPIC  -DBOOST_ALL_NO_LIB=1  -I"." -c -o "bin.v2/libs/locale/build/darwin-4.2.1/debug/has_icu64_obj.o" "libs/locale/src/../build/has_icu_test.cpp"

...failed darwin.compile.c++ bin.v2/libs/locale/build/darwin-4.2.1/debug/has_icu64_obj.o...
...skipped <pbin.v2/libs/locale/build/darwin-4.2.1/debug>has_icu64 for lack of <pbin.v2/libs/locale/build/darwin-4.2.1/debug>has_icu64_obj.o...
...failed updating 1 target...
...skipped 1 target...
...found 7 targets...
...found 47 targets...
